CRITICAL - 2023-03-15 02:44:58 --> Call to undefined method CodeIgniter\View\View::extends()
in APPPATH\Views\Pages\about.php on line 1.
 1 SYSTEMPATH\View\View.php(213): include()
 2 SYSTEMPATH\View\View.php(216): CodeIgniter\View\View->CodeIgniter\View\{closure}()
 3 SYSTEMPATH\Common.php(1184): CodeIgniter\View\View->render('/Pages/about', [], true)
 4 APPPATH\Controllers\Pages.php(9): view('/Pages/about')
 5 SYSTEMPATH\CodeIgniter.php(934): App\Controllers\Pages->index()
 6 SYSTEMPATH\CodeIgniter.php(499): CodeIgniter\CodeIgniter->runController(Object(App\Controllers\Pages))
 7 SYSTEMPATH\CodeIgniter.php(368): CodeIgniter\CodeIgniter->handleRequest(null, Object(Config\Cache), false)
 8 FCPATH\index.php(67): CodeIgniter\CodeIgniter->run()
CRITICAL - 2023-03-15 02:48:43 --> Undefined property: CodeIgniter\View\View::$include
in APPPATH\Views\Layouts\template.php on line 1.
 1 APPPATH\Views\Layouts\template.php(1): CodeIgniter\Debug\Exceptions->errorHandler(2, 'Undefined property: CodeIgniter\\View\\View::$include', 'APPPATH\\Views\\Layouts\\template.php', 1)
 2 SYSTEMPATH\View\View.php(213): include('APPPATH\\Views\\Layouts\\template.php')
 3 SYSTEMPATH\View\View.php(216): CodeIgniter\View\View->CodeIgniter\View\{closure}()
 4 SYSTEMPATH\View\View.php(229): CodeIgniter\View\View->render('/Layouts/template', [], true)
 5 SYSTEMPATH\Common.php(1184): CodeIgniter\View\View->render('/Pages/about', [], true)
 6 APPPATH\Controllers\Pages.php(9): view('/Pages/about')
 7 SYSTEMPATH\CodeIgniter.php(934): App\Controllers\Pages->index()
 8 SYSTEMPATH\CodeIgniter.php(499): CodeIgniter\CodeIgniter->runController(Object(App\Controllers\Pages))
 9 SYSTEMPATH\CodeIgniter.php(368): CodeIgniter\CodeIgniter->handleRequest(null, Object(Config\Cache), false)
10 FCPATH\index.php(67): CodeIgniter\CodeIgniter->run()
CRITICAL - 2023-03-15 02:48:48 --> Too few arguments to function CodeIgniter\View\View::include(), 0 passed in C:\xampp\htdocs\Testing\app\Views\Layouts\template.php on line 1 and at least 1 expected
in SYSTEMPATH\View\View.php on line 429.
 1 APPPATH\Views\Layouts\template.php(1): CodeIgniter\View\View->include()
 2 SYSTEMPATH\View\View.php(213): include('APPPATH\\Views\\Layouts\\template.php')
 3 SYSTEMPATH\View\View.php(216): CodeIgniter\View\View->CodeIgniter\View\{closure}()
 4 SYSTEMPATH\View\View.php(229): CodeIgniter\View\View->render('/Layouts/template', [], true)
 5 SYSTEMPATH\Common.php(1184): CodeIgniter\View\View->render('/Pages/about', [], true)
 6 APPPATH\Controllers\Pages.php(9): view('/Pages/about')
 7 SYSTEMPATH\CodeIgniter.php(934): App\Controllers\Pages->index()
 8 SYSTEMPATH\CodeIgniter.php(499): CodeIgniter\CodeIgniter->runController(Object(App\Controllers\Pages))
 9 SYSTEMPATH\CodeIgniter.php(368): CodeIgniter\CodeIgniter->handleRequest(null, Object(Config\Cache), false)
10 FCPATH\index.php(67): CodeIgniter\CodeIgniter->run()
CRITICAL - 2023-03-15 02:49:00 --> Invalid file: "navbar.php"
in SYSTEMPATH\Exceptions\FrameworkException.php on line 33.
 1 SYSTEMPATH\View\View.php(201): CodeIgniter\Exceptions\FrameworkException::forInvalidFile('navbar.php')
 2 SYSTEMPATH\View\View.php(431): CodeIgniter\View\View->render('navbar', null, true)
 3 APPPATH\Views\Layouts\template.php(1): CodeIgniter\View\View->include('navbar')
 4 SYSTEMPATH\View\View.php(213): include('APPPATH\\Views\\Layouts\\template.php')
 5 SYSTEMPATH\View\View.php(216): CodeIgniter\View\View->CodeIgniter\View\{closure}()
 6 SYSTEMPATH\View\View.php(229): CodeIgniter\View\View->render('/Layouts/template', [], true)
 7 SYSTEMPATH\Common.php(1184): CodeIgniter\View\View->render('/Pages/about', [], true)
 8 APPPATH\Controllers\Pages.php(9): view('/Pages/about')
 9 SYSTEMPATH\CodeIgniter.php(934): App\Controllers\Pages->index()
10 SYSTEMPATH\CodeIgniter.php(499): CodeIgniter\CodeIgniter->runController(Object(App\Controllers\Pages))
11 SYSTEMPATH\CodeIgniter.php(368): CodeIgniter\CodeIgniter->handleRequest(null, Object(Config\Cache), false)
12 FCPATH\index.php(67): CodeIgniter\CodeIgniter->run()
